#
# There is insufficient memory for the Java Runtime Environment to continue.
# Native memory allocation (malloc) failed to allocate 32744 bytes for ChunkPool::allocate
# Possible reasons:
#   The system is out of physical RAM or swap space
#   The process is running with CompressedOops enabled, and the Java Heap may be blocking the growth of the native heap
# Possible solutions:
#   Reduce memory load on the system
#   Increase physical memory or swap space
#   Check if swap backing store is full
#   Decrease Java heap size (-Xmx/-Xms)
#   Decrease number of Java threads
#   Decrease Java thread stack sizes (-Xss)
#   Set larger code cache with -XX:ReservedCodeCacheSize=
#   JVM is running with Unscaled Compressed Oops mode in which the Java heap is
#     placed in the first 4GB address space. The Java Heap base address is the
#     maximum limit for the native heap growth. Please use -XX:HeapBaseMinAddress
#     to set the Java Heap base and to place the Java Heap above 4GB virtual address.
# This output file may be truncated or incomplete.
#
#  Out of Memory Error (./src/hotspot/share/memory/arena.cpp:81), pid=7900, tid=15556
#
# JRE version: OpenJDK Runtime Environment (11.0.10) (build 11.0.10+0-b96-7249189)
# Java VM: OpenJDK 64-Bit Server VM (11.0.10+0-b96-7249189, mixed mode, tiered, compressed oops, g1 gc, windows-amd64)
# No core dump will be written. Minidumps are not enabled by default on client versions of Windows
#

---------------  S U M M A R Y ------------

Command Line: org.jetbrains.kotlin.cli.jvm.K2JVMCompiler @C:\Users\28092021\Desktop\React Native\kidneypatient\node_modules\react-native-screens\android\build\20220609_14391507493409967465.compiler.options

Host: Intel(R) Core(TM) i5-4570 CPU @ 3.20GHz, 4 cores, 7G,  Windows 10 , 64 bit Build 19041 (10.0.19041.1706)
Time: Thu Jun  9 18:35:32 2022 India Standard Time elapsed time: 1.356554 seconds (0d 0h 0m 1s)

---------------  T H R E A D  ---------------

Current thread (0x000001f4c66da000):  JavaThread "C2 CompilerThread0" daemon [_thread_in_vm, id=15556, stack(0x00000048ba800000,0x00000048ba900000)]


Current CompileTask:
C2:   1356 1192       4       java.io.WinNTFileSystem::isSlash (18 bytes)

Stack: [0x00000048ba800000,0x00000048ba900000]
Native frames: (J=compiled Java code, j=interpreted, Vv=VM code, C=native code)
V  [jvm.dll+0x5ecfaa]
V  [jvm.dll+0x722bd5]
V  [jvm.dll+0x72412d]
V  [jvm.dll+0x7247e3]
V  [jvm.dll+0x242928]
V  [jvm.dll+0xbc75b]
V  [jvm.dll+0xbca0c]
V  [jvm.dll+0x1adfce]
V  [jvm.dll+0x19dcfe]
V  [jvm.dll+0x208d8c]
V  [jvm.dll+0x207731]
V  [jvm.dll+0x6eb1cf]
V  [jvm.dll+0x6e3d45]
V  [jvm.dll+0x5ebe96]
C  [ucrtbase.dll+0x21bb2]
C  [KERNEL32.DLL+0x17034]
C  [ntdll.dll+0x52651]


---------------  P R O C E S S  ---------------

Threads class SMR info:
_java_thread_list=0x000001f4c7182230, length=10, elements={
0x000001f4ac3aa000, 0x000001f4c66b5000, 0x000001f4c66b6000, 0x000001f4c66d2000,
0x000001f4c66d4000, 0x000001f4c66d5000, 0x000001f4c66da000, 0x000001f4c707e000,
0x000001f4c709f000, 0x000001f4c719c000
}

Java Threads: ( => current thread )
  0x000001f4ac3aa000 JavaThread "main" [_thread_in_vm, id=8252, stack(0x00000048b9c00000,0x00000048b9d00000)]
  0x000001f4c66b5000 JavaThread "Reference Handler" daemon [_thread_blocked, id=11272, stack(0x00000048ba300000,0x00000048ba400000)]
  0x000001f4c66b6000 JavaThread "Finalizer" daemon [_thread_blocked, id=2576, stack(0x00000048ba400000,0x00000048ba500000)]
  0x000001f4c66d2000 JavaThread "Signal Dispatcher" daemon [_thread_blocked, id=11528, stack(0x00000048ba500000,0x00000048ba600000)]
  0x000001f4c66d4000 JavaThread "Attach Listener" daemon [_thread_blocked, id=18516, stack(0x00000048ba600000,0x00000048ba700000)]
  0x000001f4c66d5000 JavaThread "Service Thread" daemon [_thread_blocked, id=9696, stack(0x00000048ba700000,0x00000048ba800000)]
=>0x000001f4c66da000 JavaThread "C2 CompilerThread0" daemon [_thread_in_vm, id=15556, stack(0x00000048ba800000,0x00000048ba900000)]
  0x000001f4c707e000 JavaThread "C1 CompilerThread0" daemon [_thread_in_native, id=1168, stack(0x00000048ba900000,0x00000048baa00000)]
  0x000001f4c709f000 JavaThread "Sweeper thread" daemon [_thread_blocked, id=17452, stack(0x00000048baa00000,0x00000048bab00000)]
  0x000001f4c719c000 JavaThread "Common-Cleaner" daemon [_thread_blocked, id=13072, stack(0x00000048bac00000,0x00000048bad00000)]

Other Threads:
  0x000001f4c668f000 VMThread "VM Thread" [stack: 0x00000048ba200000,0x00000048ba300000] [id=19624]
  0x000001f4c7193800 WatcherThread [stack: 0x00000048bab00000,0x00000048bac00000] [id=18680]
  0x000001f4ac3c3800 GCTaskThread "GC Thread#0" [stack: 0x00000048b9d00000,0x00000048b9e00000] [id=18116]
  0x000001f4c75e6000 GCTaskThread "GC Thread#1" [stack: 0x00000048bad00000,0x00000048bae00000] [id=19500]
  0x000001f4c7571000 GCTaskThread "GC Thread#2" [stack: 0x00000048bae00000,0x00000048baf00000] [id=19816]
  0x000001f4ac3f2800 ConcurrentGCThread "G1 Main Marker" [stack: 0x00000048b9e00000,0x00000048b9f00000] [id=20440]
  0x000001f4ac3f5000 ConcurrentGCThread "G1 Conc#0" [stack: 0x00000048b9f00000,0x00000048ba000000] [id=14080]
  0x000001f4ac486000 ConcurrentGCThread "G1 Refine#0" [stack: 0x00000048ba000000,0x00000048ba100000] [id=19552]
  0x000001f4ac487800 ConcurrentGCThread "G1 Young RemSet Sampling" [stack: 0x00000048ba100000,0x00000048ba200000] [id=21260]

Threads with active compile tasks:
C2 CompilerThread0   1368 1192       4       java.io.WinNTFileSystem::isSlash (18 bytes)
C1 CompilerThread0   1368 1178   !   3       kotlin.reflect.jvm.internal.impl.metadata.ProtoBuf$Class::<init> (1949 bytes)

VM state:not at safepoint (normal execution)

VM Mutex/Monitor currently owned by a thread: None

Heap address: 0x0000000081600000, size: 2026 MB, Compressed Oops mode: 32-bit
Narrow klass base: 0x0000000000000000, Narrow klass shift: 3
Compressed class space size: 1073741824 Address: 0x0000000100000000

Heap:
 garbage-first heap   total 131072K, used 26771K [0x0000000081600000, 0x0000000100000000)
  region size 1024K, 24 young (24576K), 2 survivors (2048K)
 Metaspace       used 14276K, capacity 14446K, committed 14464K, reserved 1064960K
  class space    used 1371K, capacity 1408K, committed 1408K, reserved 1048576K
Heap Regions: E=young(eden), S=young(survivor), O=old, HS=humongous(starts), HC=humongous(continues), CS=collection set, F=free, A=archive, TAMS=top-at-mark-start (previous, next)
|   0|0x0000000081600000, 0x0000000081700000, 0x0000000081700000|100%|HS|  |TAMS 0x0000000081600000, 0x0000000081600000| Complete 
|   1|0x0000000081700000, 0x0000000081800000, 0x0000000081800000|100%|HC|  |TAMS 0x0000000081700000, 0x0000000081700000| Complete 
|   2|0x0000000081800000, 0x0000000081900000, 0x0000000081900000|100%|HC|  |TAMS 0x0000000081800000, 0x0000000081800000| Complete 
|   3|0x0000000081900000, 0x0000000081900000, 0x0000000081a00000|  0%| F|  |TAMS 0x0000000081900000, 0x0000000081900000| Untracked 
|   4|0x0000000081a00000, 0x0000000081a24c00, 0x0000000081b00000| 14%| O|  |TAMS 0x0000000081a00000, 0x0000000081a00000| Untracked 
|   5|0x0000000081b00000, 0x0000000081b00000, 0x0000000081c00000|  0%| F|  |TAMS 0x0000000081b00000, 0x0000000081b00000| Untracked 
|   6|0x0000000081c00000, 0x0000000081c00000, 0x0000000081d00000|  0%| F|  |TAMS 0x0000000081c00000, 0x0000000081c00000| Untracked 
|   7|0x0000000081d00000, 0x0000000081d00000, 0x0000000081e00000|  0%| F|  |TAMS 0x0000000081d00000, 0x0000000081d00000| Untracked 
|   8|0x0000000081e00000, 0x0000000081e00000, 0x0000000081f00000|  0%| F|  |TAMS 0x0000000081e00000, 0x0000000081e00000| Untracked 
|   9|0x0000000081f00000, 0x0000000081f00000, 0x0000000082000000|  0%| F|  |TAMS 0x0000000081f00000, 0x0000000081f00000| Untracked 
|  10|0x0000000082000000, 0x0000000082000000, 0x0000000082100000|  0%| F|  |TAMS 0x0000000082000000, 0x0000000082000000| Untracked 
|  11|0x0000000082100000, 0x0000000082100000, 0x0000000082200000|  0%| F|  |TAMS 0x0000000082100000, 0x0000000082100000| Untracked 
|  12|0x0000000082200000, 0x0000000082200000, 0x0000000082300000|  0%| F|  |TAMS 0x0000000082200000, 0x0000000082200000| Untracked 
|  13|0x0000000082300000, 0x0000000082300000, 0x0000000082400000|  0%| F|  |TAMS 0x0000000082300000, 0x0000000082300000| Untracked 
|  14|0x0000000082400000, 0x0000000082400000, 0x0000000082500000|  0%| F|  |TAMS 0x0000000082400000, 0x0000000082400000| Untracked 
|  15|0x0000000082500000, 0x0000000082500000, 0x0000000082600000|  0%| F|  |TAMS 0x0000000082500000, 0x0000000082500000| Untracked 
|  16|0x0000000082600000, 0x0000000082600000, 0x0000000082700000|  0%| F|  |TAMS 0x0000000082600000, 0x0000000082600000| Untracked 
|  17|0x0000000082700000, 0x0000000082700000, 0x0000000082800000|  0%| F|  |TAMS 0x0000000082700000, 0x0000000082700000| Untracked 
|  18|0x0000000082800000, 0x0000000082800000, 0x0000000082900000|  0%| F|  |TAMS 0x0000000082800000, 0x0000000082800000| Untracked 
|  19|0x0000000082900000, 0x0000000082900000, 0x0000000082a00000|  0%| F|  |TAMS 0x0000000082900000, 0x0000000082900000| Untracked 
|  20|0x0000000082a00000, 0x0000000082a00000, 0x0000000082b00000|  0%| F|  |TAMS 0x0000000082a00000, 0x0000000082a00000| Untracked 
|  21|0x0000000082b00000, 0x0000000082b00000, 0x0000000082c00000|  0%| F|  |TAMS 0x0000000082b00000, 0x0000000082b00000| Untracked 
|  22|0x0000000082c00000, 0x0000000082c00000, 0x0000000082d00000|  0%| F|  |TAMS 0x0000000082c00000, 0x0000000082c00000| Untracked 
|  23|0x0000000082d00000, 0x0000000082d00000, 0x0000000082e00000|  0%| F|  |TAMS 0x0000000082d00000, 0x0000000082d00000| Untracked 
|  24|0x0000000082e00000, 0x0000000082e00000, 0x0000000082f00000|  0%| F|  |TAMS 0x0000000082e00000, 0x0000000082e00000| Untracked 
|  25|0x0000000082f00000, 0x0000000082f00000, 0x0000000083000000|  0%| F|  |TAMS 0x0000000082f00000, 0x0000000082f00000| Untracked 
|  26|0x0000000083000000, 0x0000000083000000, 0x0000000083100000|  0%| F|  |TAMS 0x0000000083000000, 0x0000000083000000| Untracked 
|  27|0x0000000083100000, 0x0000000083100000, 0x0000000083200000|  0%| F|  |TAMS 0x0000000083100000, 0x0000000083100000| Untracked 
|  28|0x0000000083200000, 0x0000000083200000, 0x0000000083300000|  0%| F|  |TAMS 0x0000000083200000, 0x0000000083200000| Untracked 
|  29|0x0000000083300000, 0x0000000083300000, 0x0000000083400000|  0%| F|  |TAMS 0x0000000083300000, 0x0000000083300000| Untracked 
|  30|0x0000000083400000, 0x0000000083400000, 0x0000000083500000|  0%| F|  |TAMS 0x0000000083400000, 0x0000000083400000| Untracked 
|  31|0x0000000083500000, 0x0000000083500000, 0x0000000083600000|  0%| F|  |TAMS 0x0000000083500000, 0x0000000083500000| Untracked 
|  32|0x0000000083600000, 0x0000000083600000, 0x0000000083700000|  0%| F|  |TAMS 0x0000000083600000, 0x0000000083600000| Untracked 
|  33|0x0000000083700000, 0x0000000083700000, 0x0000000083800000|  0%| F|  |TAMS 0x0000000083700000, 0x0000000083700000| Untracked 
|  34|0x0000000083800000, 0x0000000083800000, 0x0000000083900000|  0%| F|  |TAMS 0x0000000083800000, 0x0000000083800000| Untracked 
|  35|0x0000000083900000, 0x0000000083900000, 0x0000000083a00000|  0%| F|  |TAMS 0x0000000083900000, 0x0000000083900000| Untracked 
|  36|0x0000000083a00000, 0x0000000083a00000, 0x0000000083b00000|  0%| F|  |TAMS 0x0000000083a00000, 0x0000000083a00000| Untracked 
|  37|0x0000000083b00000, 0x0000000083b00000, 0x0000000083c00000|  0%| F|  |TAMS 0x0000000083b00000, 0x0000000083b00000| Untracked 
|  38|0x0000000083c00000, 0x0000000083c00000, 0x0000000083d00000|  0%| F|  |TAMS 0x0000000083c00000, 0x0000000083c00000| Untracked 
|  39|0x0000000083d00000, 0x0000000083d00000, 0x0000000083e00000|  0%| F|  |TAMS 0x0000000083d00000, 0x0000000083d00000| Untracked 
|  40|0x0000000083e00000, 0x0000000083e00000, 0x0000000083f00000|  0%| F|  |TAMS 0x0000000083e00000, 0x0000000083e00000| Untracked 
|  41|0x0000000083f00000, 0x0000000083f00000, 0x0000000084000000|  0%| F|  |TAMS 0x0000000083f00000, 0x0000000083f00000| Untracked 
|  42|0x0000000084000000, 0x0000000084000000, 0x0000000084100000|  0%| F|  |TAMS 0x0000000084000000, 0x0000000084000000| Untracked 
|  43|0x0000000084100000, 0x0000000084100000, 0x0000000084200000|  0%| F|  |TAMS 0x0000000084100000, 0x0000000084100000| Untracked 
|  44|0x0000000084200000, 0x0000000084200000, 0x0000000084300000|  0%| F|  |TAMS 0x0000000084200000, 0x0000000084200000| Untracked 
|  45|0x0000000084300000, 0x0000000084300000, 0x0000000084400000|  0%| F|  |TAMS 0x0000000084300000, 0x0000000084300000| Untracked 
|  46|0x0000000084400000, 0x0000000084400000, 0x0000000084500000|  0%| F|  |TAMS 0x0000000084400000, 0x0000000084400000| Untracked 
|  47|0x0000000084500000, 0x0000000084500000, 0x0000000084600000|  0%| F|  |TAMS 0x0000000084500000, 0x0000000084500000| Untracked 
|  48|0x0000000084600000, 0x0000000084600000, 0x0000000084700000|  0%| F|  |TAMS 0x0000000084600000, 0x0000000084600000| Untracked 
|  49|0x0000000084700000, 0x0000000084700000, 0x0000000084800000|  0%| F|  |TAMS 0x0000000084700000, 0x0000000084700000| Untracked 
|  50|0x0000000084800000, 0x0000000084800000, 0x0000000084900000|  0%| F|  |TAMS 0x0000000084800000, 0x0000000084800000| Untracked 
|  51|0x0000000084900000, 0x0000000084900000, 0x0000000084a00000|  0%| F|  |TAMS 0x0000000084900000, 0x0000000084900000| Untracked 
|  52|0x0000000084a00000, 0x0000000084a00000, 0x0000000084b00000|  0%| F|  |TAMS 0x0000000084a00000, 0x0000000084a00000| Untracked 
|  53|0x0000000084b00000, 0x0000000084b00000, 0x0000000084c00000|  0%| F|  |TAMS 0x0000000084b00000, 0x0000000084b00000| Untracked 
|  54|0x0000000084c00000, 0x0000000084c00000, 0x0000000084d00000|  0%| F|  |TAMS 0x0000000084c00000, 0x0000000084c00000| Untracked 
|  55|0x0000000084d00000, 0x0000000084d00000, 0x0000000084e00000|  0%| F|  |TAMS 0x0000000084d00000, 0x0000000084d00000| Untracked 
|  56|0x0000000084e00000, 0x0000000084e00000, 0x0000000084f00000|  0%| F|  |TAMS 0x0000000084e00000, 0x0000000084e00000| Untracked 
|  57|0x0000000084f00000, 0x0000000084f00000, 0x0000000085000000|  0%| F|  |TAMS 0x0000000084f00000, 0x0000000084f00000| Untracked 
|  58|0x0000000085000000, 0x0000000085000000, 0x0000000085100000|  0%| F|  |TAMS 0x0000000085000000, 0x0000000085000000| Untracked 
|  59|0x0000000085100000, 0x0000000085100000, 0x0000000085200000|  0%| F|  |TAMS 0x0000000085100000, 0x0000000085100000| Untracked 
|  60|0x0000000085200000, 0x0000000085200000, 0x0000000085300000|  0%| F|  |TAMS 0x0000000085200000, 0x0000000085200000| Untracked 
|  61|0x0000000085300000, 0x0000000085300000, 0x0000000085400000|  0%| F|  |TAMS 0x0000000085300000, 0x0000000085300000| Untracked 
|  62|0x0000000085400000, 0x0000000085400000, 0x0000000085500000|  0%| F|  |TAMS 0x0000000085400000, 0x0000000085400000| Untracked 
|  63|0x0000000085500000, 0x0000000085500000, 0x0000000085600000|  0%| F|  |TAMS 0x0000000085500000, 0x0000000085500000| Untracked 
|  64|0x0000000085600000, 0x0000000085600000, 0x0000000085700000|  0%| F|  |TAMS 0x0000000085600000, 0x0000000085600000| Untracked 
|  65|0x0000000085700000, 0x0000000085700000, 0x0000000085800000|  0%| F|  |TAMS 0x0000000085700000, 0x0000000085700000| Untracked 
|  66|0x0000000085800000, 0x0000000085800000, 0x0000000085900000|  0%| F|  |TAMS 0x0000000085800000, 0x0000000085800000| Untracked 
|  67|0x0000000085900000, 0x0000000085900000, 0x0000000085a00000|  0%| F|  |TAMS 0x0000000085900000, 0x0000000085900000| Untracked 
|  68|0x0000000085a00000, 0x0000000085a00000, 0x0000000085b00000|  0%| F|  |TAMS 0x0000000085a00000, 0x0000000085a00000| Untracked 
|  69|0x0000000085b00000, 0x0000000085b00000, 0x0000000085c00000|  0%| F|  |TAMS 0x0000000085b00000, 0x0000000085b00000| Untracked 
|  70|0x0000000085c00000, 0x0000000085c00000, 0x0000000085d00000|  0%| F|  |TAMS 0x0000000085c00000, 0x0000000085c00000| Untracked 
|  71|0x0000000085d00000, 0x0000000085d00000, 0x0000000085e00000|  0%| F|  |TAMS 0x0000000085d00000, 0x0000000085d00000| Untracked 
|  72|0x0000000085e00000, 0x0000000085e00000, 0x0000000085f00000|  0%| F|  |TAMS 0x0000000085e00000, 0x0000000085e00000| Untracked 
|  73|0x0000000085f00000, 0x0000000085f00000, 0x0000000086000000|  0%| F|  |TAMS 0x0000000085f00000, 0x0000000085f00000| Untracked 
|  74|0x0000000086000000, 0x0000000086000000, 0x0000000086100000|  0%| F|  |TAMS 0x0000000086000000, 0x0000000086000000| Untracked 
|  75|0x0000000086100000, 0x0000000086100000, 0x0000000086200000|  0%| F|  |TAMS 0x0000000086100000, 0x0000000086100000| Untracked 
|  76|0x0000000086200000, 0x0000000086200000, 0x0000000086300000|  0%| F|  |TAMS 0x0000000086200000, 0x0000000086200000| Untracked 
|  77|0x0000000086300000, 0x0000000086300000, 0x0000000086400000|  0%| F|  |TAMS 0x0000000086300000, 0x0000000086300000| Untracked 
|  78|0x0000000086400000, 0x0000000086400000, 0x0000000086500000|  0%| F|  |TAMS 0x0000000086400000, 0x0000000086400000| Untracked 
|  79|0x0000000086500000, 0x0000000086500000, 0x0000000086600000|  0%| F|  |TAMS 0x0000000086500000, 0x0000000086500000| Untracked 
|  80|0x0000000086600000, 0x0000000086600000, 0x0000000086700000|  0%| F|  |TAMS 0x0000000086600000, 0x0000000086600000| Untracked 
|  81|0x0000000086700000, 0x0000000086700000, 0x0000000086800000|  0%| F|  |TAMS 0x0000000086700000, 0x0000000086700000| Untracked 
|  82|0x0000000086800000, 0x0000000086800000, 0x0000000086900000|  0%| F|  |TAMS 0x0000000086800000, 0x0000000086800000| Untracked 
|  83|0x0000000086900000, 0x0000000086900000, 0x0000000086a00000|  0%| F|  |TAMS 0x0000000086900000, 0x0000000086900000| Untracked 
|  84|0x0000000086a00000, 0x0000000086a00000, 0x0000000086b00000|  0%| F|  |TAMS 0x0000000086a00000, 0x0000000086a00000| Untracked 
|  85|0x0000000086b00000, 0x0000000086b00000, 0x0000000086c00000|  0%| F|  |TAMS 0x0000000086b00000, 0x0000000086b00000| Untracked 
|  86|0x0000000086c00000, 0x0000000086c00000, 0x0000000086d00000|  0%| F|  |TAMS 0x0000000086c00000, 0x0000000086c00000| Untracked 
|  87|0x0000000086d00000, 0x0000000086d00000, 0x0000000086e00000|  0%| F|  |TAMS 0x0000000086d00000, 0x0000000086d00000| Untracked 
|  88|0x0000000086e00000, 0x0000000086e00000, 0x0000000086f00000|  0%| F|  |TAMS 0x0000000086e00000, 0x0000000086e00000| Untracked 
|  89|0x0000000086f00000, 0x0000000086f00000, 0x0000000087000000|  0%| F|  |TAMS 0x0000000086f00000, 0x0000000086f00000| Untracked 
|  90|0x0000000087000000, 0x0000000087000000, 0x0000000087100000|  0%| F|  |TAMS 0x0000000087000000, 0x0000000087000000| Untracked 
|  91|0x0000000087100000, 0x0000000087100000, 0x0000000087200000|  0%| F|  |TAMS 0x0000000087100000, 0x0000000087100000| Untracked 
|  92|0x0000000087200000, 0x0000000087200000, 0x0000000087300000|  0%| F|  |TAMS 0x0000000087200000, 0x0000000087200000| Untracked 
|  93|0x0000000087300000, 0x0000000087300000, 0x0000000087400000|  0%| F|  |TAMS 0x0000000087300000, 0x0000000087300000| Untracked 
|  94|0x0000000087400000, 0x0000000087400000, 0x0000000087500000|  0%| F|  |TAMS 0x0000000087400000, 0x0000000087400000| Untracked 
|  95|0x0000000087500000, 0x0000000087500000, 0x0000000087600000|  0%| F|  |TAMS 0x0000000087500000, 0x0000000087500000| Untracked 
|  96|0x0000000087600000, 0x0000000087600000, 0x0000000087700000|  0%| F|  |TAMS 0x0000000087600000, 0x0000000087600000| Untracked 
|  97|0x0000000087700000, 0x0000000087700000, 0x0000000087800000|  0%| F|  |TAMS 0x0000000087700000, 0x0000000087700000| Untracked 
|  98|0x0000000087800000, 0x0000000087800000, 0x0000000087900000|  0%| F|  |TAMS 0x0000000087800000, 0x0000000087800000| Untracked 
|  99|0x0000000087900000, 0x0000000087900000, 0x0000000087a00000|  0%| F|  |TAMS 0x0000000087900000, 0x0000000087900000| Untracked 
| 100|0x0000000087a00000, 0x0000000087a00000, 0x0000000087b00000|  0%| F|  |TAMS 0x0000000087a00000, 0x0000000087a00000| Untracked 
| 101|0x0000000087b00000, 0x0000000087b00000, 0x0000000087c00000|  0%| F|  |TAMS 0x0000000087b00000, 0x0000000087b00000| Untracked 
| 102|0x0000000087c00000, 0x0000000087c00000, 0x0000000087d00000|  0%| F|  |TAMS 0x0000000087c00000, 0x0000000087c00000| Untracked 
| 103|0x0000000087d00000, 0x0000000087d00000, 0x0000000087e00000|  0%| F|  |TAMS 0x0000000087d00000, 0x0000000087d00000| Untracked 
| 104|0x0000000087e00000, 0x0000000087f00000, 0x0000000087f00000|100%| E|  |TAMS 0x0000000087e00000, 0x0000000087e00000| Complete 
| 105|0x0000000087f00000, 0x0000000088000000, 0x0000000088000000|100%| E|CS|TAMS 0x0000000087f00000, 0x0000000087f00000| Complete 
| 106|0x0000000088000000, 0x0000000088100000, 0x0000000088100000|100%| E|CS|TAMS 0x0000000088000000, 0x0000000088000000| Complete 
| 107|0x0000000088100000, 0x0000000088200000, 0x0000000088200000|100%| E|CS|TAMS 0x0000000088100000, 0x0000000088100000| Complete 
| 108|0x0000000088200000, 0x0000000088300000, 0x0000000088300000|100%| E|CS|TAMS 0x0000000088200000, 0x0000000088200000| Complete 
| 109|0x0000000088300000, 0x0000000088400000, 0x0000000088400000|100%| E|CS|TAMS 0x0000000088300000, 0x0000000088300000| Complete 
| 110|0x0000000088400000, 0x0000000088500000, 0x0000000088500000|100%| E|CS|TAMS 0x0000000088400000, 0x0000000088400000| Complete 
| 111|0x0000000088500000, 0x0000000088600000, 0x0000000088600000|100%| E|CS|TAMS 0x0000000088500000, 0x0000000088500000| Complete 
| 112|0x0000000088600000, 0x0000000088700000, 0x0000000088700000|100%| S|CS|TAMS 0x0000000088600000, 0x0000000088600000| Complete 
| 113|0x0000000088700000, 0x0000000088800000, 0x0000000088800000|100%| S|CS|TAMS 0x0000000088700000, 0x0000000088700000| Complete 
| 114|0x0000000088800000, 0x0000000088900000, 0x0000000088900000|100%| E|CS|TAMS 0x0000000088800000, 0x0000000088800000| Complete 
| 115|0x0000000088900000, 0x0000000088a00000, 0x0000000088a00000|100%| E|CS|TAMS 0x0000000088900000, 0x0000000088900000| Complete 
| 116|0x0000000088a00000, 0x0000000088b00000, 0x0000000088b00000|100%| E|CS|TAMS 0x0000000088a00000, 0x0000000088a00000| Complete 
| 117|0x0000000088b00000, 0x0000000088c00000, 0x0000000088c00000|100%| E|CS|TAMS 0x0000000088b00000, 0x0000000088b00000| Complete 
| 118|0x0000000088c00000, 0x0000000088d00000, 0x0000000088d00000|100%| E|CS|TAMS 0x0000000088c00000, 0x0000000088c00000| Complete 
| 119|0x0000000088d00000, 0x0000000088e00000, 0x0000000088e00000|100%| E|CS|TAMS 0x0000000088d00000, 0x0000000088d00000| Complete 
| 120|0x0000000088e00000, 0x0000000088f00000, 0x0000000088f00000|100%| E|CS|TAMS 0x0000000088e00000, 0x0000000088e00000| Complete 
| 121|0x0000000088f00000, 0x0000000089000000, 0x0000000089000000|100%| E|CS|TAMS 0x0000000088f00000, 0x0000000088f00000| Complete 
| 122|0x0000000089000000, 0x0000000089100000, 0x0000000089100000|100%| E|CS|TAMS 0x0000000089000000, 0x0000000089000000| Complete 
| 123|0x0000000089100000, 0x0000000089200000, 0x0000000089200000|100%| E|CS|TAMS 0x0000000089100000, 0x0000000089100000| Complete 
| 124|0x0000000089200000, 0x0000000089300000, 0x0000000089300000|100%| E|CS|TAMS 0x0000000089200000, 0x0000000089200000| Complete 
| 125|0x0000000089300000, 0x0000000089400000, 0x0000000089400000|100%| E|CS|TAMS 0x0000000089300000, 0x0000000089300000| Complete 
| 126|0x0000000089400000, 0x0000000089500000, 0x0000000089500000|100%| E|CS|TAMS 0x0000000089400000, 0x0000000089400000| Complete 
| 127|0x0000000089500000, 0x0000000089600000, 0x0000000089600000|100%| E|CS|TAMS 0x0000000089500000, 0x0000000089500000| Complete 

Card table byte_map: [0x000001f4bf910000,0x000001f4bfd10000] _byte_map_base: 0x000001f4bf505000

Marking Bits (Prev, Next): (CMBitMap*) 0x000001f4ac3e9d58, (CMBitMap*) 0x000001f4ac3e9d90
 Prev Bits: [0x000001f4c0110000, 0x000001f4c20b8000)
 Next Bits: [0x000001f4c20c0000, 0x000001f4c4068000)

Polling page: 0x000001f4afea0000

Metaspace:

Usage:
  Non-class:     12.73 MB capacity,    12.63 MB (>99%) used,    96.47 KB ( <1%) free+waste,    10.69 KB ( <1%) overhead. 
      Class:      1.38 MB capacity,     1.34 MB ( 98%) used,    28.30 KB (  2%) free+waste,     3.50 KB ( <1%) overhead. 
       Both:     14.11 MB capacity,    13.97 MB (>99%) used,   124.77 KB ( <1%) free+waste,    14.19 KB ( <1%) overhead. 

Virtual space:
  Non-class space:       16.00 MB reserved,      12.75 MB ( 80%) committed 
      Class space:        1.00 GB reserved,       1.38 MB ( <1%) committed 
             Both:        1.02 GB reserved,      14.13 MB (  1%) committed 

Chunk freelists:
   Non-Class:  18.00 KB
       Class:  0 bytes
        Both:  18.00 KB

MaxMetaspaceSize: 17179869184.00 GB
CompressedClassSpaceSize: 1.00 GB

CodeHeap 'non-profiled nmethods': size=120064Kb used=330Kb max_used=330Kb free=119733Kb
 bounds [0x000001f4b7980000, 0x000001f4b7bf0000, 0x000001f4beec0000]
CodeHeap 'profiled nmethods': size=120000Kb used=2129Kb max_used=2129Kb free=117870Kb
 bounds [0x000001f4b0450000, 0x000001f4b06c0000, 0x000001f4b7980000]
CodeHeap 'non-nmethods': size=5696Kb used=1089Kb max_used=1103Kb free=4606Kb
 bounds [0x000001f4afec0000, 0x000001f4b0130000, 0x000001f4b0450000]
 total_blobs=1578 nmethods=1179 adapters=311
 compilation: enabled
              stopped_count=0, restarted_count=0
 full_count=0

Compilation events (20 events):
Event: 1.342 Thread 0x000001f4c707e000 1171       3       kotlin.reflect.jvm.internal.impl.protobuf.GeneratedMessageLite$Builder::setUnknownFields (7 bytes)
Event: 1.342 Thread 0x000001f4c707e000 nmethod 1171 0x000001f4b065a190 code [0x000001f4b065a340, 0x000001f4b065a498]
Event: 1.342 Thread 0x000001f4c707e000 1172       3       kotlin.reflect.jvm.internal.impl.protobuf.GeneratedMessageLite::<init> (5 bytes)
Event: 1.342 Thread 0x000001f4c66da000 1173       4       kotlin.reflect.jvm.internal.impl.protobuf.ByteString$Output::<init> (42 bytes)
Event: 1.342 Thread 0x000001f4c707e000 nmethod 1172 0x000001f4b065a510 code [0x000001f4b065a6c0, 0x000001f4b065a878]
Event: 1.342 Thread 0x000001f4c707e000 1176       3       kotlin.reflect.jvm.internal.impl.protobuf.RopeByteString::concatenate (235 bytes)
Event: 1.343 Thread 0x000001f4c707e000 nmethod 1176 0x000001f4b065a990 code [0x000001f4b065ace0, 0x000001f4b065c028]
Event: 1.343 Thread 0x000001f4c707e000 1177   !   3       kotlin.reflect.jvm.internal.impl.metadata.ProtoBuf$Annotation$Argument$Value::<init> (719 bytes)
Event: 1.345 Thread 0x000001f4c66da000 nmethod 1173 0x000001f4b79d0d10 code [0x000001f4b79d0ec0, 0x000001f4b79d1298]
Event: 1.345 Thread 0x000001f4c66da000 1174       4       kotlin.reflect.jvm.internal.impl.protobuf.ByteString$Output::flushLastBuffer (96 bytes)
Event: 1.346 Thread 0x000001f4c66da000 nmethod 1174 0x000001f4b79d1390 code [0x000001f4b79d1520, 0x000001f4b79d15d8]
Event: 1.346 Thread 0x000001f4c66da000 1175       4       kotlin.reflect.jvm.internal.impl.protobuf.ByteString::copyFrom (94 bytes)
Event: 1.346 Thread 0x000001f4c707e000 nmethod 1177 0x000001f4b065c510 code [0x000001f4b065cce0, 0x000001f4b0662578]
Event: 1.346 Thread 0x000001f4c66da000 nmethod 1175 0x000001f4b79d1690 code [0x000001f4b79d1820, 0x000001f4b79d18b8]
Event: 1.346 Thread 0x000001f4c707e000 1178   !   3       kotlin.reflect.jvm.internal.impl.metadata.ProtoBuf$Class::<init> (1949 bytes)
Event: 1.347 Thread 0x000001f4c66da000 1180       4       kotlin.reflect.jvm.internal.impl.protobuf.CodedOutputStream::refreshBuffer (37 bytes)
Event: 1.353 Thread 0x000001f4c66da000 nmethod 1180 0x000001f4b79d1990 code [0x000001f4b79d1b60, 0x000001f4b79d2438]
Event: 1.353 Thread 0x000001f4c66da000 1185       4       java.util.Collections$UnmodifiableCollection::size (10 bytes)
Event: 1.354 Thread 0x000001f4c66da000 nmethod 1185 0x000001f4b79d2810 code [0x000001f4b79d29a0, 0x000001f4b79d2a38]
Event: 1.355 Thread 0x000001f4c66da000 1192       4       java.io.WinNTFileSystem::isSlash (18 bytes)

GC Heap History (2 events):
Event: 0.877 GC heap before
{Heap before GC invocations=0 (full 0):
 garbage-first heap   total 131072K, used 17408K [0x0000000081600000, 0x0000000100000000)
  region size 1024K, 14 young (14336K), 0 survivors (0K)
 Metaspace       used 9971K, capacity 10088K, committed 10112K, reserved 1060864K
  class space    used 846K, capacity 894K, committed 896K, reserved 1048576K
}
Event: 0.883 GC heap after
{Heap after GC invocations=1 (full 0):
 garbage-first heap   total 131072K, used 5267K [0x0000000081600000, 0x0000000100000000)
  region size 1024K, 2 young (2048K), 2 survivors (2048K)
 Metaspace       used 9971K, capacity 10088K, committed 10112K, reserved 1060864K
  class space    used 846K, capacity 894K, committed 896K, reserved 1048576K
}

Deoptimization events (20 events):
Event: 0.408 Thread 0x000001f4ac3aa000 DEOPT PACKING pc=0x000001f4b04714bb sp=0x00000048b9cfac30
Event: 0.408 Thread 0x000001f4ac3aa000 DEOPT UNPACKING pc=0x000001f4afee76ce sp=0x00000048b9cfa100 mode 0
Event: 0.408 Thread 0x000001f4ac3aa000 DEOPT PACKING pc=0x000001f4b04714bb sp=0x00000048b9cfac30
Event: 0.408 Thread 0x000001f4ac3aa000 DEOPT UNPACKING pc=0x000001f4afee76ce sp=0x00000048b9cfa100 mode 0
Event: 0.408 Thread 0x000001f4ac3aa000 DEOPT PACKING pc=0x000001f4b04714bb sp=0x00000048b9cfac30
Event: 0.408 Thread 0x000001f4ac3aa000 DEOPT UNPACKING pc=0x000001f4afee76ce sp=0x00000048b9cfa100 mode 0
Event: 0.408 Thread 0x000001f4ac3aa000 DEOPT PACKING pc=0x000001f4b04714bb sp=0x00000048b9cfac30
Event: 0.408 Thread 0x000001f4ac3aa000 DEOPT UNPACKING pc=0x000001f4afee76ce sp=0x00000048b9cfa100 mode 0
Event: 0.643 Thread 0x000001f4ac3aa000 DEOPT PACKING pc=0x000001f4b0498622 sp=0x00000048b9cfde80
Event: 0.643 Thread 0x000001f4ac3aa000 DEOPT UNPACKING pc=0x000001f4afee76ce sp=0x00000048b9cfd2e8 mode 0
Event: 0.683 Thread 0x000001f4ac3aa000 DEOPT PACKING pc=0x000001f4b047e3d0 sp=0x00000048b9cf47c0
Event: 0.683 Thread 0x000001f4ac3aa000 DEOPT UNPACKING pc=0x000001f4afee76ce sp=0x00000048b9cf3c48 mode 0
Event: 1.030 Thread 0x000001f4ac3aa000 DEOPT PACKING pc=0x000001f4b04a8d30 sp=0x00000048b9cfbbc0
Event: 1.030 Thread 0x000001f4ac3aa000 DEOPT UNPACKING pc=0x000001f4afee76ce sp=0x00000048b9cfb0d8 mode 0
Event: 1.096 Thread 0x000001f4ac3aa000 DEOPT PACKING pc=0x000001f4b04a6c7f sp=0x00000048b9cfce20
Event: 1.096 Thread 0x000001f4ac3aa000 DEOPT UNPACKING pc=0x000001f4afee76ce sp=0x00000048b9cfc270 mode 0
Event: 1.137 Thread 0x000001f4ac3aa000 Uncommon trap: trap_request=0xffffff4d fr.pc=0x000001f4b79acaa4 relative=0x00000000000001e4
Event: 1.137 Thread 0x000001f4ac3aa000 Uncommon trap: reason=unstable_if action=reinterpret pc=0x000001f4b79acaa4 method=kotlin.reflect.jvm.internal.impl.protobuf.CodedInputStream.readRawVarint32()I @ 10 c2
Event: 1.137 Thread 0x000001f4ac3aa000 DEOPT PACKING pc=0x000001f4b79acaa4 sp=0x00000048b9cfbe00
Event: 1.137 Thread 0x000001f4ac3aa000 DEOPT UNPACKING pc=0x000001f4afee78af sp=0x00000048b9cfbd80 mode 2

Classes redefined (0 events):
No events

Internal exceptions (1 events):
Event: 0.577 Thread 0x000001f4ac3aa000 Exception <a 'java/lang/NoSuchMethodError'{0x0000000089265550}: 'int java.lang.invoke.DirectMethodHandle$Holder.invokeSpecialIFC(java.lang.Object, java.lang.Object, int)'> (0x0000000089265550) thrown at [./src/hotspot/share/interpreter/linkResolver.cpp, line 773]

Events (20 events):
Event: 1.331 loading class kotlin/reflect/jvm/internal/impl/descriptors/impl/EmptyPackageFragmentDescriptor
Event: 1.331 loading class kotlin/reflect/jvm/internal/impl/descriptors/impl/EmptyPackageFragmentDescriptor done
Event: 1.332 loading class kotlin/reflect/jvm/internal/impl/descriptors/impl/TypeParameterDescriptorImpl
Event: 1.332 loading class kotlin/reflect/jvm/internal/impl/descriptors/impl/TypeParameterDescriptorImpl done
Event: 1.332 loading class kotlin/reflect/jvm/internal/impl/builtins/DefaultBuiltIns$Companion
Event: 1.332 loading class kotlin/reflect/jvm/internal/impl/builtins/DefaultBuiltIns$Companion done
Event: 1.332 loading class kotlin/reflect/jvm/internal/impl/builtins/BuiltInsLoader
Event: 1.332 loading class kotlin/reflect/jvm/internal/impl/builtins/BuiltInsLoader done
Event: 1.333 loading class kotlin/reflect/jvm/internal/impl/builtins/BuiltInsLoader$Companion
Event: 1.333 loading class kotlin/reflect/jvm/internal/impl/builtins/BuiltInsLoader$Companion done
Event: 1.333 loading class kotlin/reflect/jvm/internal/impl/builtins/BuiltInsLoader$Companion$Instance$2
Event: 1.333 loading class kotlin/reflect/jvm/internal/impl/builtins/BuiltInsLoader$Companion$Instance$2 done
Event: 1.336 loading class kotlin/reflect/jvm/internal/impl/serialization/deserialization/builtins/BuiltInsLoaderImpl
Event: 1.336 loading class kotlin/reflect/jvm/internal/impl/serialization/deserialization/builtins/BuiltInsLoaderImpl done
Event: 1.336 loading class kotlin/reflect/jvm/internal/impl/descriptors/deserialization/PlatformDependentDeclarationFilter$NoPlatformDependent
Event: 1.336 loading class kotlin/reflect/jvm/internal/impl/descriptors/deserialization/PlatformDependentDeclarationFilter$NoPlatformDependent done
Event: 1.336 loading class kotlin/reflect/jvm/internal/impl/descriptors/deserialization/AdditionalClassPartsProvider$None
Event: 1.336 loading class kotlin/reflect/jvm/internal/impl/descriptors/deserialization/AdditionalClassPartsProvider$None done
Event: 1.337 loading class kotlin/reflect/jvm/internal/impl/serialization/deserialization/builtins/BuiltInsLoaderImpl$createPackageFragmentProvider$1
Event: 1.337 loading class kotlin/reflect/jvm/internal/impl/serialization/deserialization/builtins/BuiltInsLoaderImpl$createPackageFragmentProvider$1 done


Dynamic libraries:
0x00007ff7d9b10000 - 0x00007ff7d9b1a000 	C:\Program Files\Android\Android Studio\jre\bin\java.exe
0x00007fff8ac30000 - 0x00007fff8ae25000 	C:\Windows\SYSTEM32\ntdll.dll
0x00007fff88d60000 - 0x00007fff88e1d000 	C:\Windows\System32\KERNEL32.DLL
0x00007fff889b0000 - 0x00007fff88c7d000 	C:\Windows\System32\KERNELBASE.dll
0x00007fff88420000 - 0x00007fff88520000 	C:\Windows\System32\ucrtbase.dll
0x00007fff697b0000 - 0x00007fff697c9000 	C:\Program Files\Android\Android Studio\jre\bin\jli.dll
0x00007fff69770000 - 0x00007fff69787000 	C:\Program Files\Android\Android Studio\jre\bin\VCRUNTIME140.dll
0x00007fff89710000 - 0x00007fff898b0000 	C:\Windows\System32\USER32.dll
0x00007fff88630000 - 0x00007fff88652000 	C:\Windows\System32\win32u.dll
0x00007fff891c0000 - 0x00007fff891ea000 	C:\Windows\System32\GDI32.dll
0x00007fff88690000 - 0x00007fff8879b000 	C:\Windows\System32\gdi32full.dll
0x00007fff88590000 - 0x00007fff8862d000 	C:\Windows\System32\msvcp_win.dll
0x00007fff77810000 - 0x00007fff77aaa000 	C:\Windows\WinSxS\amd64_microsoft.windows.common-controls_6595b64144ccf1df_6.0.19041.1110_none_60b5254171f9507e\COMCTL32.dll
0x00007fff8a820000 - 0x00007fff8a8be000 	C:\Windows\System32\msvcrt.dll
0x00007fff88e30000 - 0x00007fff88e60000 	C:\Windows\System32\IMM32.DLL
0x00007fff611e0000 - 0x00007fff6127d000 	C:\Program Files\Android\Android Studio\jre\bin\msvcp140.dll
0x00007fff19e40000 - 0x00007fff1a90f000 	C:\Program Files\Android\Android Studio\jre\bin\server\jvm.dll
0x00007fff89d90000 - 0x00007fff89e3e000 	C:\Windows\System32\ADVAPI32.dll
0x00007fff891f0000 - 0x00007fff8928c000 	C:\Windows\System32\sechost.dll
0x00007fff8a9f0000 - 0x00007fff8ab15000 	C:\Windows\System32\RPCRT4.dll
0x00007fff88c80000 - 0x00007fff88c88000 	C:\Windows\System32\PSAPI.DLL
0x00007fff78de0000 - 0x00007fff78e07000 	C:\Windows\SYSTEM32\WINMM.dll
0x00007fff7af50000 - 0x00007fff7af59000 	C:\Windows\SYSTEM32\WSOCK32.dll
0x00007fff8a6c0000 - 0x00007fff8a72b000 	C:\Windows\System32\WS2_32.dll
0x00007fff7c710000 - 0x00007fff7c71a000 	C:\Windows\SYSTEM32\VERSION.dll
0x00007fff86180000 - 0x00007fff86192000 	C:\Windows\SYSTEM32\kernel.appcore.dll
0x00007fff696b0000 - 0x00007fff696c1000 	C:\Program Files\Android\Android Studio\jre\bin\verify.dll
0x00007fff79710000 - 0x00007fff798f4000 	C:\Windows\SYSTEM32\DBGHELP.DLL
0x00007fff78b70000 - 0x00007fff78b9c000 	C:\Windows\SYSTEM32\dbgcore.DLL
0x00007fff88340000 - 0x00007fff883c2000 	C:\Windows\System32\bcryptPrimitives.dll
0x00007fff69570000 - 0x00007fff69599000 	C:\Program Files\Android\Android Studio\jre\bin\java.dll
0x00007fff6f3b0000 - 0x00007fff6f3bb000 	C:\Program Files\Android\Android Studio\jre\bin\jimage.dll
0x00007fff68f90000 - 0x00007fff68fa8000 	C:\Program Files\Android\Android Studio\jre\bin\zip.dll
0x00007fff89f70000 - 0x00007fff8a6b4000 	C:\Windows\System32\SHELL32.dll
0x00007fff86460000 - 0x00007fff86bf4000 	C:\Windows\SYSTEM32\windows.storage.dll
0x00007fff88e60000 - 0x00007fff891b4000 	C:\Windows\System32\combase.dll
0x00007fff87d30000 - 0x00007fff87d5c000 	C:\Windows\SYSTEM32\Wldp.dll
0x00007fff8ab20000 - 0x00007fff8abcd000 	C:\Windows\System32\SHCORE.dll
0x00007fff8a730000 - 0x00007fff8a785000 	C:\Windows\System32\shlwapi.dll
0x00007fff88280000 - 0x00007fff8829f000 	C:\Windows\SYSTEM32\profapi.dll
0x00007fff67b70000 - 0x00007fff67b8a000 	C:\Program Files\Android\Android Studio\jre\bin\net.dll
0x00007fff7e910000 - 0x00007fff7ea1a000 	C:\Windows\SYSTEM32\WINHTTP.dll
0x00007fff87a30000 - 0x00007fff87a9a000 	C:\Windows\system32\mswsock.dll
0x00007fff62f00000 - 0x00007fff62f14000 	C:\Program Files\Android\Android Studio\jre\bin\nio.dll

dbghelp: loaded successfully - version: 4.0.5 - missing functions: none
symbol engine: initialized successfully - sym options: 0x614 - pdb path: .;C:\Program Files\Android\Android Studio\jre\bin;C:\Windows\SYSTEM32;C:\Windows\WinSxS\amd64_microsoft.windows.common-controls_6595b64144ccf1df_6.0.19041.1110_none_60b5254171f9507e;C:\Program Files\Android\Android Studio\jre\bin\server

VM Arguments:
java_command: org.jetbrains.kotlin.cli.jvm.K2JVMCompiler @C:\Users\28092021\Desktop\React Native\kidneypatient\node_modules\react-native-screens\android\build\20220609_14391507493409967465.compiler.options
java_class_path (initial): C:\Users\28092021\.gradle\caches\modules-2\files-2.1\org.jetbrains.kotlin\kotlin-compiler-embeddable\1.4.10\38c4b99d5d5362debdd9302a866730379aa2328a\kotlin-compiler-embeddable-1.4.10.jar;C:\Users\28092021\.gradle\caches\modules-2\files-2.1\org.jetbrains.kotlin\kotlin-reflect\1.4.10\e2b3c6695eee6085e606d96d685396dce23a3a06\kotlin-reflect-1.4.10.jar;C:\Users\28092021\.gradle\caches\modules-2\files-2.1\org.jetbrains.kotlin\kotlin-stdlib\1.4.10\ea29e063d2bbe695be13e9d044dcfb0c7add398e\kotlin-stdlib-1.4.10.jar;C:\Users\28092021\.gradle\caches\modules-2\files-2.1\org.jetbrains.kotlin\kotlin-script-runtime\1.4.10\7c19d9c2001e016cd7664cebe9eea66fc04a7f4f\kotlin-script-runtime-1.4.10.jar;C:\Users\28092021\.gradle\caches\modules-2\files-2.1\org.jetbrains.kotlin\kotlin-daemon-embeddable\1.4.10\dbd67f42bed28043d17d7c860b06110a00a45970\kotlin-daemon-embeddable-1.4.10.jar;C:\Users\28092021\.gradle\caches\modules-2\files-2.1\org.jetbrains.intellij.deps\trove4j\1.0.20181211\216c2e14b070f334479d800987affe4054cd563f\trove4j-1.0.20181211.jar;C:\Users\28092021\.gradle\caches\modules-2\files-2.1\org.jetbrains.kotlin\kotlin-stdlib-common\1.4.10\6229be3465805c99db1142ad75e6c6ddeac0b04c\kotlin-stdlib-common-1.4.10.jar;C:\Users\28092021\.gradle\caches\modules-2\files-2.1\org.jetbrains\annotations\13.0\919f0dfe192fb4e063e7dacadee7f8bb9a2672a9\annotations-13.0.jar
Launcher Type: SUN_STANDARD

[Global flags]
     intx CICompilerCount                          = 3                                         {product} {ergonomic}
     uint ConcGCThreads                            = 1                                         {product} {ergonomic}
     uint G1ConcRefinementThreads                  = 4                                         {product} {ergonomic}
   size_t G1HeapRegionSize                         = 1048576                                   {product} {ergonomic}
    uintx GCDrainStackTargetSize                   = 64                                        {product} {ergonomic}
   size_t InitialHeapSize                          = 134217728                                 {product} {ergonomic}
   size_t MarkStackSize                            = 4194304                                   {product} {ergonomic}
   size_t MaxHeapSize                              = 2124414976                                {product} {ergonomic}
   size_t MaxNewSize                               = 1274019840                                {product} {ergonomic}
   size_t MinHeapDeltaBytes                        = 1048576                                   {product} {ergonomic}
    uintx NonNMethodCodeHeapSize                   = 5830732                                {pd product} {ergonomic}
    uintx NonProfiledCodeHeapSize                  = 122913754                              {pd product} {ergonomic}
    uintx ProfiledCodeHeapSize                     = 122913754                              {pd product} {ergonomic}
    uintx ReservedCodeCacheSize                    = 251658240                              {pd product} {ergonomic}
     bool SegmentedCodeCache                       = true                                      {product} {ergonomic}
     bool UseCompressedClassPointers               = true                                 {lp64_product} {ergonomic}
     bool UseCompressedOops                        = true                                 {lp64_product} {ergonomic}
     bool UseG1GC                                  = true                                      {product} {ergonomic}
     bool UseLargePagesIndividualAllocation        = false                                  {pd product} {ergonomic}

Logging:
Log output configuration:
 #0: stdout all=warning uptime,level,tags
 #1: stderr all=off uptime,level,tags

Environment Variables:
PATH=C:\Program Files\Common Files\Oracle\Java\javapath;C:\Program Files (x86)\Common Files\Oracle\Java\javapath;C:\Windows\system32;C:\Windows;C:\Windows\System32\Wbem;C:\Windows\System32\WindowsPowerShell\v1.0\;C:\Windows\System32\OpenSSH\;C:\Program Files\Git\cmd;C:\Program Files\TortoiseGit\bin;C:\Program Files\PuTTY\;C:\Program Files\nodejs\;C:\Users\28092021\AppData\Local\Android\Sdk;C:\Users\28092021\AppData\Local\Microsoft\WindowsApps;C:\Users\28092021\AppData\Local\Programs\Microsoft VS Code\bin;C:\Program Files\MongoDB\Server\5.0\bin;C:\Program Files\mongosh\;C:\Users\28092021\AppData\Roaming\npm;C:\Program Files\Java\jdk-17.0.2\bin;
USERNAME=28092021
OS=Windows_NT
PROCESSOR_IDENTIFIER=Intel64 Family 6 Model 60 Stepping 3, GenuineIntel



---------------  S Y S T E M  ---------------

OS: Windows 10 , 64 bit Build 19041 (10.0.19041.1706)
OS uptime: 15 days 8:38 hours

CPU:total 4 (initial active 4) (4 cores per cpu, 1 threads per core) family 6 model 60 stepping 3 microcode 0x27, cmov, cx8, fxsr, mmx, sse, sse2, sse3, ssse3, sse4.1, sse4.2, popcnt, avx, avx2, aes, clmul, erms, lzcnt, tsc, tscinvbit, bmi1, bmi2, fma

Memory: 4k page, system-wide physical 8098M (279M free)
TotalPageFile size 21695M (AvailPageFile size 0M)
current process WorkingSet (physical memory assigned to process): 83M, peak: 83M
current process commit charge ("private bytes"): 214M, peak: 214M

vm_info: OpenJDK 64-Bit Server VM (11.0.10+0-b96-7249189) for windows-amd64 JRE (11.0.10+0-b96-7249189), built on Mar 31 2021 21:44:00 by "builder" with MS VC++ 14.0 (VS2015)

END.
